<?xml version="1.0" encoding="UTF-8"?>
<testsuite name="com.cg.multithreading.EmployeePayrollServiceTest" tests="1" skipped="0" failures="0" errors="0" timestamp="2020-11-05T18:32:06" hostname="AVINASH" time="2.59">
  <properties/>
  <testcase name="given6Employees_WhenAddedToDB_ShouldMatchEmployeeEntries" classname="com.cg.multithreading.EmployeePayrollServiceTest" time="2.59"/>
  <system-out><![CDATA[Jeff Bezosadded
Bill Gatesadded
Mark Zuckerbergadded
Sunderadded
Mukeshadded
Aniladded
Duration without Thread: PT2.0609289S
Aniladded
Mark Zuckerbergadded
Mukeshadded
Sunderadded
Bill Gatesadded
Jeff Bezosadded
Duration with Thread: PT0.5020507S
]]></system-out>
  <system-err><![CDATA[Loading class `com.mysql.jdbc.Driver'. This is deprecated. The new driver class is `com.mysql.cj.jdbc.Driver'. The driver is automatically registered via the SPI and manual loading of the driver class is generally unnecessary.
]]></system-err>
</testsuite>
